<?xml version="1.0" encoding="UTF-8"?>
<!-- Generated by org.testng.reporters.JUnitReportReporter -->
<testsuite skipped="0" hostname="ahmed" name="subscription.DRY_Subscription_validation" tests="3" failures="0" timestamp="22 Mar 2023 18:42:37 GMT" time="8.554" errors="0">
  <testcase name="Validate_KSA" time="0.317" classname="subscription.DRY_Subscription_validation"/>
  <testcase name="Validate_Bahrain" time="4.716" classname="subscription.DRY_Subscription_validation"/>
  <testcase name="Validate_Kuwait" time="3.521" classname="subscription.DRY_Subscription_validation"/>
</testsuite> <!-- subscription.DRY_Subscription_validation -->
