<?xml version="1.0" encoding="UTF-8"?>
<!-- Generated by org.testng.reporters.JUnitReportReporter -->
<testsuite skipped="0" hostname="ahmed" name="subscription.Subscription_Validation" tests="3" failures="0" timestamp="22 Mar 2023 18:47:22 GMT" time="9.802" errors="0">
  <testcase name="Validate_KSA" time="0.292" classname="subscription.Subscription_Validation"/>
  <testcase name="Validate_Bahrain" time="7.807" classname="subscription.Subscription_Validation"/>
  <testcase name="Validate_Kuwait" time="1.703" classname="subscription.Subscription_Validation"/>
</testsuite> <!-- subscription.Subscription_Validation -->
