<?xml version="1.0" encoding="UTF-8"?>
<!-- Generated by org.testng.reporters.JUnitReportReporter -->
<testsuite skipped="0" hostname="ahmed" name="subscription.Final_Subscription_validation" tests="3" failures="0" timestamp="22 Mar 2023 18:44:09 GMT" time="7.414" errors="0">
  <testcase name="Validate_KSA" time="0.256" classname="subscription.Final_Subscription_validation"/>
  <testcase name="Validate_Bahrain" time="3.675" classname="subscription.Final_Subscription_validation"/>
  <testcase name="Validate_Kuwait" time="3.483" classname="subscription.Final_Subscription_validation"/>
</testsuite> <!-- subscription.Final_Subscription_validation -->
